2014/04/05 20:14:25 [error] [exception.CHttpException.404] exception 'CHttpException' with message 'Unable to resolve the request "responder/4".' in /var/www/yii_framework/web/CWebApplication.php:286
Stack trace:
#0 /var/www/yii_framework/web/CWebApplication.php(141): CWebApplication->runController('responder/4')
#1 /var/www/yii_framework/base/CApplication.php(180): CWebApplication->processRequest()
#2 /var/www/htdocs/index.php(13): CApplication->run()
#3 {main}
REQUEST_URI=/index.php?r=responder/4
---
2014/04/05 20:14:37 [error] [exception.CHttpException.404] exception 'CHttpException' with message 'Unable to resolve the request "Responder/4".' in /var/www/yii_framework/web/CWebApplication.php:286
Stack trace:
#0 /var/www/yii_framework/web/CWebApplication.php(141): CWebApplication->runController('Responder/4')
#1 /var/www/yii_framework/base/CApplication.php(180): CWebApplication->processRequest()
#2 /var/www/htdocs/index.php(13): CApplication->run()
#3 {main}
REQUEST_URI=/index.php?r=Responder/4
---
2014/04/05 20:14:50 [error] [exception.CHttpException.404] exception 'CHttpException' with message 'Unable to resolve the request "Responder".' in /var/www/yii_framework/web/CWebApplication.php:286
Stack trace:
#0 /var/www/yii_framework/web/CWebApplication.php(141): CWebApplication->runController('Responder')
#1 /var/www/yii_framework/base/CApplication.php(180): CWebApplication->processRequest()
#2 /var/www/htdocs/index.php(13): CApplication->run()
#3 {main}
REQUEST_URI=/index.php?r=Responder
---
2014/04/05 20:15:54 [error] [exception.CHttpException.404] exception 'CHttpException' with message 'Unable to resolve the request "Responder/Answerquestions".' in /var/www/yii_framework/web/CWebApplication.php:286
Stack trace:
#0 /var/www/yii_framework/web/CWebApplication.php(141): CWebApplication->runController('Responder/Answe...')
#1 /var/www/yii_framework/base/CApplication.php(180): CWebApplication->processRequest()
#2 /var/www/htdocs/index.php(13): CApplication->run()
#3 {main}
REQUEST_URI=/index.php?r=Responder/Answerquestions
---
2014/04/05 20:16:04 [error] [exception.CHttpException.404] exception 'CHttpException' with message 'Unable to resolve the request "Responder/Answerquestions/4".' in /var/www/yii_framework/web/CWebApplication.php:286
Stack trace:
#0 /var/www/yii_framework/web/CWebApplication.php(141): CWebApplication->runController('Responder/Answe...')
#1 /var/www/yii_framework/base/CApplication.php(180): CWebApplication->processRequest()
#2 /var/www/htdocs/index.php(13): CApplication->run()
#3 {main}
REQUEST_URI=/index.php?r=Responder/Answerquestions/4
---
2014/04/05 20:16:12 [error] [exception.CHttpException.404] exception 'CHttpException' with message 'Unable to resolve the request "responder/Answerquestions/4".' in /var/www/yii_framework/web/CWebApplication.php:286
Stack trace:
#0 /var/www/yii_framework/web/CWebApplication.php(141): CWebApplication->runController('responder/Answe...')
#1 /var/www/yii_framework/base/CApplication.php(180): CWebApplication->processRequest()
#2 /var/www/htdocs/index.php(13): CApplication->run()
#3 {main}
REQUEST_URI=/index.php?r=responder/Answerquestions/4
---
2014/04/05 20:16:16 [error] [exception.CHttpException.404] exception 'CHttpException' with message 'Unable to resolve the request "Responder/Answerquestions/4".' in /var/www/yii_framework/web/CWebApplication.php:286
Stack trace:
#0 /var/www/yii_framework/web/CWebApplication.php(141): CWebApplication->runController('Responder/Answe...')
#1 /var/www/yii_framework/base/CApplication.php(180): CWebApplication->processRequest()
#2 /var/www/htdocs/index.php(13): CApplication->run()
#3 {main}
REQUEST_URI=/index.php?r=Responder/Answerquestions/4
---
2014/04/05 20:16:17 [error] [exception.CHttpException.404] exception 'CHttpException' with message 'Unable to resolve the request "Responder/Answerquestions".' in /var/www/yii_framework/web/CWebApplication.php:286
Stack trace:
#0 /var/www/yii_framework/web/CWebApplication.php(141): CWebApplication->runController('Responder/Answe...')
#1 /var/www/yii_framework/base/CApplication.php(180): CWebApplication->processRequest()
#2 /var/www/htdocs/index.php(13): CApplication->run()
#3 {main}
REQUEST_URI=/index.php?r=Responder/Answerquestions
---
2014/04/05 20:16:18 [error] [exception.CHttpException.404] exception 'CHttpException' with message 'Unable to resolve the request "Responder".' in /var/www/yii_framework/web/CWebApplication.php:286
Stack trace:
#0 /var/www/yii_framework/web/CWebApplication.php(141): CWebApplication->runController('Responder')
#1 /var/www/yii_framework/base/CApplication.php(180): CWebApplication->processRequest()
#2 /var/www/htdocs/index.php(13): CApplication->run()
#3 {main}
REQUEST_URI=/index.php?r=Responder
---
2014/04/05 20:16:19 [error] [exception.CHttpException.404] exception 'CHttpException' with message 'Unable to resolve the request "Responder/4".' in /var/www/yii_framework/web/CWebApplication.php:286
Stack trace:
#0 /var/www/yii_framework/web/CWebApplication.php(141): CWebApplication->runController('Responder/4')
#1 /var/www/yii_framework/base/CApplication.php(180): CWebApplication->processRequest()
#2 /var/www/htdocs/index.php(13): CApplication->run()
#3 {main}
REQUEST_URI=/index.php?r=Responder/4
---
2014/04/05 20:16:19 [error] [exception.CHttpException.404] exception 'CHttpException' with message 'Unable to resolve the request "responder/4".' in /var/www/yii_framework/web/CWebApplication.php:286
Stack trace:
#0 /var/www/yii_framework/web/CWebApplication.php(141): CWebApplication->runController('responder/4')
#1 /var/www/yii_framework/base/CApplication.php(180): CWebApplication->processRequest()
#2 /var/www/htdocs/index.php(13): CApplication->run()
#3 {main}
REQUEST_URI=/index.php?r=responder/4
---
2014/04/05 20:19:18 [error] [exception.CHttpException.404] exception 'CHttpException' with message 'Unable to resolve the request "responder/record".' in /var/www/yii_framework/web/CWebApplication.php:286
Stack trace:
#0 /var/www/yii_framework/web/CWebApplication.php(141): CWebApplication->runController('responder/recor...')
#1 /var/www/yii_framework/base/CApplication.php(180): CWebApplication->processRequest()
#2 /var/www/htdocs/index.php(13): CApplication->run()
#3 {main}
REQUEST_URI=/index.php?r=responder/record
---
2014/04/05 20:19:44 [error] [exception.CHttpException.404] exception 'CHttpException' with message 'Unable to resolve the request "responder/record".' in /var/www/yii_framework/web/CWebApplication.php:286
Stack trace:
#0 /var/www/yii_framework/web/CWebApplication.php(141): CWebApplication->runController('responder/recor...')
#1 /var/www/yii_framework/base/CApplication.php(180): CWebApplication->processRequest()
#2 /var/www/htdocs/index.php(13): CApplication->run()
#3 {main}
REQUEST_URI=/index.php?r=responder/record
---
2014/04/05 20:20:36 [error] [exception.CHttpException.404] exception 'CHttpException' with message 'Unable to resolve the request "responder/record".' in /var/www/yii_framework/web/CWebApplication.php:286
Stack trace:
#0 /var/www/yii_framework/web/CWebApplication.php(141): CWebApplication->runController('responder/recor...')
#1 /var/www/yii_framework/base/CApplication.php(180): CWebApplication->processRequest()
#2 /var/www/htdocs/index.php(13): CApplication->run()
#3 {main}
REQUEST_URI=/index.php?r=responder/record
---
2014/04/05 20:22:05 [error] [exception.CHttpException.404] exception 'CHttpException' with message 'Unable to resolve the request "responder/record".' in /var/www/yii_framework/web/CWebApplication.php:286
Stack trace:
#0 /var/www/yii_framework/web/CWebApplication.php(141): CWebApplication->runController('responder/recor...')
#1 /var/www/yii_framework/base/CApplication.php(180): CWebApplication->processRequest()
#2 /var/www/htdocs/index.php(13): CApplication->run()
#3 {main}
REQUEST_URI=/index.php?r=responder/record
---
2014/04/05 20:22:59 [error] [exception.CHttpException.404] exception 'CHttpException' with message 'Unable to resolve the request "responder/record".' in /var/www/yii_framework/web/CWebApplication.php:286
Stack trace:
#0 /var/www/yii_framework/web/CWebApplication.php(141): CWebApplication->runController('responder/recor...')
#1 /var/www/yii_framework/base/CApplication.php(180): CWebApplication->processRequest()
#2 /var/www/htdocs/index.php(13): CApplication->run()
#3 {main}
REQUEST_URI=/index.php?r=responder/record
---
2014/04/05 20:23:01 [error] [exception.CHttpException.404] exception 'CHttpException' with message 'Unable to resolve the request "responder/record".' in /var/www/yii_framework/web/CWebApplication.php:286
Stack trace:
#0 /var/www/yii_framework/web/CWebApplication.php(141): CWebApplication->runController('responder/recor...')
#1 /var/www/yii_framework/base/CApplication.php(180): CWebApplication->processRequest()
#2 /var/www/htdocs/index.php(13): CApplication->run()
#3 {main}
REQUEST_URI=/index.php?r=responder/record
---
2014/04/05 20:23:13 [error] [exception.CHttpException.404] exception 'CHttpException' with message 'Unable to resolve the request "responder/record".' in /var/www/yii_framework/web/CWebApplication.php:286
Stack trace:
#0 /var/www/yii_framework/web/CWebApplication.php(141): CWebApplication->runController('responder/recor...')
#1 /var/www/yii_framework/base/CApplication.php(180): CWebApplication->processRequest()
#2 /var/www/htdocs/index.php(13): CApplication->run()
#3 {main}
REQUEST_URI=/index.php?r=responder/record
---
2014/04/05 20:23:20 [error] [exception.CHttpException.404] exception 'CHttpException' with message 'Unable to resolve the request "responder/record".' in /var/www/yii_framework/web/CWebApplication.php:286
Stack trace:
#0 /var/www/yii_framework/web/CWebApplication.php(141): CWebApplication->runController('responder/recor...')
#1 /var/www/yii_framework/base/CApplication.php(180): CWebApplication->processRequest()
#2 /var/www/htdocs/index.php(13): CApplication->run()
#3 {main}
REQUEST_URI=/index.php?r=responder/record
---
2014/04/05 20:24:58 [error] [exception.CHttpException.404] exception 'CHttpException' with message 'Unable to resolve the request "responder/contact".' in /var/www/yii_framework/web/CWebApplication.php:286
Stack trace:
#0 /var/www/yii_framework/web/CWebApplication.php(141): CWebApplication->runController('responder/conta...')
#1 /var/www/yii_framework/base/CApplication.php(180): CWebApplication->processRequest()
#2 /var/www/htdocs/index.php(13): CApplication->run()
#3 {main}
REQUEST_URI=/index.php?r=responder/contact
---
2014/04/05 20:25:47 [error] [exception.CHttpException.404] exception 'CHttpException' with message 'Unable to resolve the request "responder/contact".' in /var/www/yii_framework/web/CWebApplication.php:286
Stack trace:
#0 /var/www/yii_framework/web/CWebApplication.php(141): CWebApplication->runController('responder/conta...')
#1 /var/www/yii_framework/base/CApplication.php(180): CWebApplication->processRequest()
#2 /var/www/htdocs/index.php(13): CApplication->run()
#3 {main}
REQUEST_URI=/index.php?r=responder/contact
---
2014/04/05 20:25:52 [error] [exception.CHttpException.404] exception 'CHttpException' with message 'Unable to resolve the request "responder/contact".' in /var/www/yii_framework/web/CWebApplication.php:286
Stack trace:
#0 /var/www/yii_framework/web/CWebApplication.php(141): CWebApplication->runController('responder/conta...')
#1 /var/www/yii_framework/base/CApplication.php(180): CWebApplication->processRequest()
#2 /var/www/htdocs/index.php(13): CApplication->run()
#3 {main}
REQUEST_URI=/index.php?r=responder/contact
---
2014/04/05 20:30:27 [error] [exception.CHttpException.404] exception 'CHttpException' with message 'Unable to resolve the request "responder/contact".' in /var/www/yii_framework/web/CWebApplication.php:286
Stack trace:
#0 /var/www/yii_framework/web/CWebApplication.php(141): CWebApplication->runController('responder/conta...')
#1 /var/www/yii_framework/base/CApplication.php(180): CWebApplication->processRequest()
#2 /var/www/htdocs/index.php(13): CApplication->run()
#3 {main}
REQUEST_URI=/index.php?r=responder/contact
---
2014/04/05 20:30:35 [error] [exception.CHttpException.404] exception 'CHttpException' with message 'Unable to resolve the request "responde".' in /var/www/yii_framework/web/CWebApplication.php:286
Stack trace:
#0 /var/www/yii_framework/web/CWebApplication.php(141): CWebApplication->runController('responde')
#1 /var/www/yii_framework/base/CApplication.php(180): CWebApplication->processRequest()
#2 /var/www/htdocs/index.php(13): CApplication->run()
#3 {main}
REQUEST_URI=/index.php?r=responde
---
2014/04/05 20:30:41 [error] [exception.CHttpException.404] exception 'CHttpException' with message 'Unable to resolve the request "responder".' in /var/www/yii_framework/web/CWebApplication.php:286
Stack trace:
#0 /var/www/yii_framework/web/CWebApplication.php(141): CWebApplication->runController('responder')
#1 /var/www/yii_framework/base/CApplication.php(180): CWebApplication->processRequest()
#2 /var/www/htdocs/index.php(13): CApplication->run()
#3 {main}
REQUEST_URI=/index.php?r=responder
---
2014/04/05 20:30:45 [error] [exception.CHttpException.404] exception 'CHttpException' with message 'Unable to resolve the request "responde".' in /var/www/yii_framework/web/CWebApplication.php:286
Stack trace:
#0 /var/www/yii_framework/web/CWebApplication.php(141): CWebApplication->runController('responde')
#1 /var/www/yii_framework/base/CApplication.php(180): CWebApplication->processRequest()
#2 /var/www/htdocs/index.php(13): CApplication->run()
#3 {main}
REQUEST_URI=/index.php?r=responde
---
2014/04/05 20:30:46 [error] [exception.CHttpException.404] exception 'CHttpException' with message 'Unable to resolve the request "responder/contact".' in /var/www/yii_framework/web/CWebApplication.php:286
Stack trace:
#0 /var/www/yii_framework/web/CWebApplication.php(141): CWebApplication->runController('responder/conta...')
#1 /var/www/yii_framework/base/CApplication.php(180): CWebApplication->processRequest()
#2 /var/www/htdocs/index.php(13): CApplication->run()
#3 {main}
REQUEST_URI=/index.php?r=responder/contact
---
2014/04/05 20:31:12 [error] [exception.CHttpException.404] exception 'CHttpException' with message 'Unable to resolve the request "responder".' in /var/www/yii_framework/web/CWebApplication.php:286
Stack trace:
#0 /var/www/yii_framework/web/CWebApplication.php(141): CWebApplication->runController('responder')
#1 /var/www/yii_framework/base/CApplication.php(180): CWebApplication->processRequest()
#2 /var/www/htdocs/index.php(13): CApplication->run()
#3 {main}
REQUEST_URI=/index.php?r=responder
---
2014/04/05 20:33:04 [error] [exception.CHttpException.404] exception 'CHttpException' with message 'Unable to resolve the request "responder".' in /var/www/yii_framework/web/CWebApplication.php:286
Stack trace:
#0 /var/www/yii_framework/web/CWebApplication.php(141): CWebApplication->runController('responder')
#1 /var/www/yii_framework/base/CApplication.php(180): CWebApplication->processRequest()
#2 /var/www/htdocs/index.php(13): CApplication->run()
#3 {main}
REQUEST_URI=/index.php?r=responder
---
2014/04/05 20:33:10 [error] [exception.CHttpException.404] exception 'CHttpException' with message 'Unable to resolve the request "responder/record".' in /var/www/yii_framework/web/CWebApplication.php:286
Stack trace:
#0 /var/www/yii_framework/web/CWebApplication.php(141): CWebApplication->runController('responder/recor...')
#1 /var/www/yii_framework/base/CApplication.php(180): CWebApplication->processRequest()
#2 /var/www/htdocs/index.php(13): CApplication->run()
#3 {main}
REQUEST_URI=/index.php?r=responder/record
---
2014/04/05 20:33:15 [error] [exception.CHttpException.404] exception 'CHttpException' with message 'Unable to resolve the request "responder/record=4".' in /var/www/yii_framework/web/CWebApplication.php:286
Stack trace:
#0 /var/www/yii_framework/web/CWebApplication.php(141): CWebApplication->runController('responder/recor...')
#1 /var/www/yii_framework/base/CApplication.php(180): CWebApplication->processRequest()
#2 /var/www/htdocs/index.php(13): CApplication->run()
#3 {main}
REQUEST_URI=/index.php?r=responder/record=4
---
2014/04/05 20:33:21 [error] [exception.CHttpException.404] exception 'CHttpException' with message 'Unable to resolve the request "responder/record/4".' in /var/www/yii_framework/web/CWebApplication.php:286
Stack trace:
#0 /var/www/yii_framework/web/CWebApplication.php(141): CWebApplication->runController('responder/recor...')
#1 /var/www/yii_framework/base/CApplication.php(180): CWebApplication->processRequest()
#2 /var/www/htdocs/index.php(13): CApplication->run()
#3 {main}
REQUEST_URI=/index.php?r=responder/record/4
---
2014/04/05 20:35:49 [error] [exception.CHttpException.404] exception 'CHttpException' with message 'Unable to resolve the request "responder/record/4".' in /var/www/yii_framework/web/CWebApplication.php:286
Stack trace:
#0 /var/www/yii_framework/web/CWebApplication.php(141): CWebApplication->runController('responder/recor...')
#1 /var/www/yii_framework/base/CApplication.php(180): CWebApplication->processRequest()
#2 /var/www/htdocs/index.php(13): CApplication->run()
#3 {main}
REQUEST_URI=/index.php?r=responder/record/4
---
2014/04/05 20:35:51 [error] [exception.CHttpException.404] exception 'CHttpException' with message 'Unable to resolve the request "responder/record/4".' in /var/www/yii_framework/web/CWebApplication.php:286
Stack trace:
#0 /var/www/yii_framework/web/CWebApplication.php(141): CWebApplication->runController('responder/recor...')
#1 /var/www/yii_framework/base/CApplication.php(180): CWebApplication->processRequest()
#2 /var/www/htdocs/index.php(13): CApplication->run()
#3 {main}
REQUEST_URI=/index.php?r=responder/record/4
---
2014/04/05 20:36:53 [error] [exception.CException] exception 'CException' with message 'ResponderController cannot find the requested view "index".' in /var/www/yii_framework/web/CController.php:878
Stack trace:
#0 /var/www/yii_framework/web/CController.php(782): CController->renderPartial('index', NULL, true)
#1 /var/www/htdocs/protected/controllers/ResponderController.php(34): CController->render('index')
#2 /var/www/yii_framework/web/actions/CInlineAction.php(49): ResponderController->actionIndex()
#3 /var/www/yii_framework/web/CController.php(308): CInlineAction->runWithParams(Array)
#4 /var/www/yii_framework/web/CController.php(286): CController->runAction(Object(CInlineAction))
#5 /var/www/yii_framework/web/CController.php(265): CController->runActionWithFilters(Object(CInlineAction), Array)
#6 /var/www/yii_framework/web/CWebApplication.php(282): CController->run('')
#7 /var/www/yii_framework/web/CWebApplication.php(141): CWebApplication->runController('responder')
#8 /var/www/yii_framework/base/CApplication.php(180): CWebApplication->processRequest()
#9 /var/www/htdocs/index.php(13): CApplication->run()
#10 {main}
REQUEST_URI=/index.php?r=responder
---
2014/04/05 20:37:00 [error] [exception.CHttpException.404] exception 'CHttpException' with message 'Unable to resolve the request "responderd".' in /var/www/yii_framework/web/CWebApplication.php:286
Stack trace:
#0 /var/www/yii_framework/web/CWebApplication.php(141): CWebApplication->runController('responderd')
#1 /var/www/yii_framework/base/CApplication.php(180): CWebApplication->processRequest()
#2 /var/www/htdocs/index.php(13): CApplication->run()
#3 {main}
REQUEST_URI=/index.php?r=responderd
---
2014/04/05 20:37:03 [error] [exception.CException] exception 'CException' with message 'ResponderController cannot find the requested view "index".' in /var/www/yii_framework/web/CController.php:878
Stack trace:
#0 /var/www/yii_framework/web/CController.php(782): CController->renderPartial('index', NULL, true)
#1 /var/www/htdocs/protected/controllers/ResponderController.php(34): CController->render('index')
#2 /var/www/yii_framework/web/actions/CInlineAction.php(49): ResponderController->actionIndex()
#3 /var/www/yii_framework/web/CController.php(308): CInlineAction->runWithParams(Array)
#4 /var/www/yii_framework/web/CController.php(286): CController->runAction(Object(CInlineAction))
#5 /var/www/yii_framework/web/CController.php(265): CController->runActionWithFilters(Object(CInlineAction), Array)
#6 /var/www/yii_framework/web/CWebApplication.php(282): CController->run('')
#7 /var/www/yii_framework/web/CWebApplication.php(141): CWebApplication->runController('responder')
#8 /var/www/yii_framework/base/CApplication.php(180): CWebApplication->processRequest()
#9 /var/www/htdocs/index.php(13): CApplication->run()
#10 {main}
REQUEST_URI=/index.php?r=responder
---
2014/04/05 20:37:11 [error] [exception.CException] exception 'CException' with message 'ResponderController cannot find the requested view "index".' in /var/www/yii_framework/web/CController.php:878
Stack trace:
#0 /var/www/yii_framework/web/CController.php(782): CController->renderPartial('index', NULL, true)
#1 /var/www/htdocs/protected/controllers/ResponderController.php(42): CController->render('index')
#2 [internal function]: ResponderController->actionRecord(NULL)
#3 /var/www/yii_framework/web/actions/CAction.php(108): ReflectionMethod->invokeArgs(Object(ResponderController), Array)
#4 /var/www/yii_framework/web/actions/CInlineAction.php(47): CAction->runWithParamsInternal(Object(ResponderController), Object(ReflectionMethod), Array)
#5 /var/www/yii_framework/web/CController.php(308): CInlineAction->runWithParams(Array)
#6 /var/www/yii_framework/web/CController.php(286): CController->runAction(Object(CInlineAction))
#7 /var/www/yii_framework/web/CController.php(265): CController->runActionWithFilters(Object(CInlineAction), Array)
#8 /var/www/yii_framework/web/CWebApplication.php(282): CController->run('record')
#9 /var/www/yii_framework/web/CWebApplication.php(141): CWebApplication->runController('responder/recor...')
#10 /var/www/yii_framework/base/CApplication.php(180): CWebApplication->processRequest()
#11 /var/www/htdocs/index.php(13): CApplication->run()
#12 {main}
REQUEST_URI=/index.php?r=responder/record
---
2014/04/05 20:37:18 [error] [exception.CException] exception 'CException' with message 'ResponderController cannot find the requested view "index".' in /var/www/yii_framework/web/CController.php:878
Stack trace:
#0 /var/www/yii_framework/web/CController.php(782): CController->renderPartial('index', NULL, true)
#1 /var/www/htdocs/protected/controllers/ResponderController.php(42): CController->render('index')
#2 [internal function]: ResponderController->actionRecord(NULL)
#3 /var/www/yii_framework/web/actions/CAction.php(108): ReflectionMethod->invokeArgs(Object(ResponderController), Array)
#4 /var/www/yii_framework/web/actions/CInlineAction.php(47): CAction->runWithParamsInternal(Object(ResponderController), Object(ReflectionMethod), Array)
#5 /var/www/yii_framework/web/CController.php(308): CInlineAction->runWithParams(Array)
#6 /var/www/yii_framework/web/CController.php(286): CController->runAction(Object(CInlineAction))
#7 /var/www/yii_framework/web/CController.php(265): CController->runActionWithFilters(Object(CInlineAction), Array)
#8 /var/www/yii_framework/web/CWebApplication.php(282): CController->run('record')
#9 /var/www/yii_framework/web/CWebApplication.php(141): CWebApplication->runController('responder/recor...')
#10 /var/www/yii_framework/base/CApplication.php(180): CWebApplication->processRequest()
#11 /var/www/htdocs/index.php(13): CApplication->run()
#12 {main}
REQUEST_URI=/index.php?r=responder/record
---
2014/04/05 20:38:07 [error] [exception.CException] exception 'CException' with message 'ResponderController cannot find the requested view "index".' in /var/www/yii_framework/web/CController.php:878
Stack trace:
#0 /var/www/yii_framework/web/CController.php(782): CController->renderPartial('index', NULL, true)
#1 /var/www/htdocs/protected/controllers/ResponderController.php(42): CController->render('index')
#2 [internal function]: ResponderController->actionRecord(NULL)
#3 /var/www/yii_framework/web/actions/CAction.php(108): ReflectionMethod->invokeArgs(Object(ResponderController), Array)
#4 /var/www/yii_framework/web/actions/CInlineAction.php(47): CAction->runWithParamsInternal(Object(ResponderController), Object(ReflectionMethod), Array)
#5 /var/www/yii_framework/web/CController.php(308): CInlineAction->runWithParams(Array)
#6 /var/www/yii_framework/web/CController.php(286): CController->runAction(Object(CInlineAction))
#7 /var/www/yii_framework/web/CController.php(265): CController->runActionWithFilters(Object(CInlineAction), Array)
#8 /var/www/yii_framework/web/CWebApplication.php(282): CController->run('record')
#9 /var/www/yii_framework/web/CWebApplication.php(141): CWebApplication->runController('responder/recor...')
#10 /var/www/yii_framework/base/CApplication.php(180): CWebApplication->processRequest()
#11 /var/www/htdocs/index.php(13): CApplication->run()
#12 {main}
REQUEST_URI=/index.php?r=responder/record
---
2014/04/05 20:38:15 [error] [exception.CHttpException.404] exception 'CHttpException' with message 'Unable to resolve the request "responderd".' in /var/www/yii_framework/web/CWebApplication.php:286
Stack trace:
#0 /var/www/yii_framework/web/CWebApplication.php(141): CWebApplication->runController('responderd')
#1 /var/www/yii_framework/base/CApplication.php(180): CWebApplication->processRequest()
#2 /var/www/htdocs/index.php(13): CApplication->run()
#3 {main}
REQUEST_URI=/index.php?r=responderd
---
2014/04/05 20:38:24 [error] [exception.CHttpException.404] exception 'CHttpException' with message 'Unable to resolve the request "responderd".' in /var/www/yii_framework/web/CWebApplication.php:286
Stack trace:
#0 /var/www/yii_framework/web/CWebApplication.php(141): CWebApplication->runController('responderd')
#1 /var/www/yii_framework/base/CApplication.php(180): CWebApplication->processRequest()
#2 /var/www/htdocs/index.php(13): CApplication->run()
#3 {main}
REQUEST_URI=/index.php?r=responderd
---
2014/04/05 20:38:28 [error] [exception.CHttpException.404] exception 'CHttpException' with message 'Unable to resolve the request "responderd".' in /var/www/yii_framework/web/CWebApplication.php:286
Stack trace:
#0 /var/www/yii_framework/web/CWebApplication.php(141): CWebApplication->runController('responderd')
#1 /var/www/yii_framework/base/CApplication.php(180): CWebApplication->processRequest()
#2 /var/www/htdocs/index.php(13): CApplication->run()
#3 {main}
REQUEST_URI=/index.php?r=responderd
---
2014/04/05 20:38:32 [error] [exception.CHttpException.404] exception 'CHttpException' with message 'Unable to resolve the request "responderd".' in /var/www/yii_framework/web/CWebApplication.php:286
Stack trace:
#0 /var/www/yii_framework/web/CWebApplication.php(141): CWebApplication->runController('responderd')
#1 /var/www/yii_framework/base/CApplication.php(180): CWebApplication->processRequest()
#2 /var/www/htdocs/index.php(13): CApplication->run()
#3 {main}
REQUEST_URI=/index.php?r=responderd
---
2014/04/05 20:38:36 [error] [exception.CHttpException.404] exception 'CHttpException' with message 'Unable to resolve the request "responderd/record".' in /var/www/yii_framework/web/CWebApplication.php:286
Stack trace:
#0 /var/www/yii_framework/web/CWebApplication.php(141): CWebApplication->runController('responderd/reco...')
#1 /var/www/yii_framework/base/CApplication.php(180): CWebApplication->processRequest()
#2 /var/www/htdocs/index.php(13): CApplication->run()
#3 {main}
REQUEST_URI=/index.php?r=responderd/record
---
2014/04/05 20:40:51 [error] [exception.CHttpException.404] exception 'CHttpException' with message 'Unable to resolve the request "responderd/recordd".' in /var/www/yii_framework/web/CWebApplication.php:286
Stack trace:
#0 /var/www/yii_framework/web/CWebApplication.php(141): CWebApplication->runController('responderd/reco...')
#1 /var/www/yii_framework/base/CApplication.php(180): CWebApplication->processRequest()
#2 /var/www/htdocs/index.php(13): CApplication->run()
#3 {main}
REQUEST_URI=/index.php?r=responderd/recordd
---
2014/04/05 20:40:58 [error] [exception.CException] exception 'CException' with message 'ResponderController cannot find the requested view "index".' in /var/www/yii_framework/web/CController.php:878
Stack trace:
#0 /var/www/yii_framework/web/CController.php(782): CController->renderPartial('index', NULL, true)
#1 /var/www/htdocs/protected/controllers/ResponderController.php(42): CController->render('index')
#2 [internal function]: ResponderController->actionRecordd(NULL)
#3 /var/www/yii_framework/web/actions/CAction.php(108): ReflectionMethod->invokeArgs(Object(ResponderController), Array)
#4 /var/www/yii_framework/web/actions/CInlineAction.php(47): CAction->runWithParamsInternal(Object(ResponderController), Object(ReflectionMethod), Array)
#5 /var/www/yii_framework/web/CController.php(308): CInlineAction->runWithParams(Array)
#6 /var/www/yii_framework/web/CController.php(286): CController->runAction(Object(CInlineAction))
#7 /var/www/yii_framework/web/CController.php(265): CController->runActionWithFilters(Object(CInlineAction), Array)
#8 /var/www/yii_framework/web/CWebApplication.php(282): CController->run('recordd')
#9 /var/www/yii_framework/web/CWebApplication.php(141): CWebApplication->runController('responder/recor...')
#10 /var/www/yii_framework/base/CApplication.php(180): CWebApplication->processRequest()
#11 /var/www/htdocs/index.php(13): CApplication->run()
#12 {main}
REQUEST_URI=/index.php?r=responder/recordd
---
2014/04/05 20:44:07 [error] [exception.CException] exception 'CException' with message 'ResponderController cannot find the requested view "index".' in /var/www/yii_framework/web/CController.php:878
Stack trace:
#0 /var/www/yii_framework/web/CController.php(782): CController->renderPartial('index', NULL, true)
#1 /var/www/htdocs/protected/controllers/ResponderController.php(42): CController->render('index')
#2 [internal function]: ResponderController->actionRecordd(NULL)
#3 /var/www/yii_framework/web/actions/CAction.php(108): ReflectionMethod->invokeArgs(Object(ResponderController), Array)
#4 /var/www/yii_framework/web/actions/CInlineAction.php(47): CAction->runWithParamsInternal(Object(ResponderController), Object(ReflectionMethod), Array)
#5 /var/www/yii_framework/web/CController.php(308): CInlineAction->runWithParams(Array)
#6 /var/www/yii_framework/web/CController.php(286): CController->runAction(Object(CInlineAction))
#7 /var/www/yii_framework/web/CController.php(265): CController->runActionWithFilters(Object(CInlineAction), Array)
#8 /var/www/yii_framework/web/CWebApplication.php(282): CController->run('recordd')
#9 /var/www/yii_framework/web/CWebApplication.php(141): CWebApplication->runController('responder/recor...')
#10 /var/www/yii_framework/base/CApplication.php(180): CWebApplication->processRequest()
#11 /var/www/htdocs/index.php(13): CApplication->run()
#12 {main}
REQUEST_URI=/index.php?r=responder/recordd
---
2014/04/05 20:44:31 [error] [exception.CHttpException.404] exception 'CHttpException' with message 'The system is unable to find the requested action "record".' in /var/www/yii_framework/web/CController.php:483
Stack trace:
#0 /var/www/yii_framework/web/CController.php(270): CController->missingAction('record')
#1 /var/www/yii_framework/web/CWebApplication.php(282): CController->run('record')
#2 /var/www/yii_framework/web/CWebApplication.php(141): CWebApplication->runController('responder/recor...')
#3 /var/www/yii_framework/base/CApplication.php(180): CWebApplication->processRequest()
#4 /var/www/htdocs/index.php(13): CApplication->run()
#5 {main}
REQUEST_URI=/index.php?r=responder/record
---
2014/04/05 20:44:36 [error] [exception.CHttpException.404] exception 'CHttpException' with message 'The system is unable to find the requested action "record".' in /var/www/yii_framework/web/CController.php:483
Stack trace:
#0 /var/www/yii_framework/web/CController.php(270): CController->missingAction('record')
#1 /var/www/yii_framework/web/CWebApplication.php(282): CController->run('record')
#2 /var/www/yii_framework/web/CWebApplication.php(141): CWebApplication->runController('responder/recor...')
#3 /var/www/yii_framework/base/CApplication.php(180): CWebApplication->processRequest()
#4 /var/www/htdocs/index.php(13): CApplication->run()
#5 {main}
REQUEST_URI=/index.php?r=responder/record
---
2014/04/05 20:44:47 [error] [exception.CException] exception 'CException' with message 'ResponderController cannot find the requested view "index".' in /var/www/yii_framework/web/CController.php:878
Stack trace:
#0 /var/www/yii_framework/web/CController.php(782): CController->renderPartial('index', NULL, true)
#1 /var/www/htdocs/protected/controllers/ResponderController.php(42): CController->render('index')
#2 [internal function]: ResponderController->actionRecordd(NULL)
#3 /var/www/yii_framework/web/actions/CAction.php(108): ReflectionMethod->invokeArgs(Object(ResponderController), Array)
#4 /var/www/yii_framework/web/actions/CInlineAction.php(47): CAction->runWithParamsInternal(Object(ResponderController), Object(ReflectionMethod), Array)
#5 /var/www/yii_framework/web/CController.php(308): CInlineAction->runWithParams(Array)
#6 /var/www/yii_framework/web/CController.php(286): CController->runAction(Object(CInlineAction))
#7 /var/www/yii_framework/web/CController.php(265): CController->runActionWithFilters(Object(CInlineAction), Array)
#8 /var/www/yii_framework/web/CWebApplication.php(282): CController->run('recordd')
#9 /var/www/yii_framework/web/CWebApplication.php(141): CWebApplication->runController('responder/recor...')
#10 /var/www/yii_framework/base/CApplication.php(180): CWebApplication->processRequest()
#11 /var/www/htdocs/index.php(13): CApplication->run()
#12 {main}
REQUEST_URI=/index.php?r=responder/recordd
---
2014/04/05 20:44:53 [error] [exception.CHttpException.404] exception 'CHttpException' with message 'The system is unable to find the requested action "recorddd".' in /var/www/yii_framework/web/CController.php:483
Stack trace:
#0 /var/www/yii_framework/web/CController.php(270): CController->missingAction('recorddd')
#1 /var/www/yii_framework/web/CWebApplication.php(282): CController->run('recorddd')
#2 /var/www/yii_framework/web/CWebApplication.php(141): CWebApplication->runController('responder/recor...')
#3 /var/www/yii_framework/base/CApplication.php(180): CWebApplication->processRequest()
#4 /var/www/htdocs/index.php(13): CApplication->run()
#5 {main}
REQUEST_URI=/index.php?r=responder/recorddd
---
2014/04/05 20:44:57 [error] [exception.CHttpException.404] exception 'CHttpException' with message 'The system is unable to find the requested action "record".' in /var/www/yii_framework/web/CController.php:483
Stack trace:
#0 /var/www/yii_framework/web/CController.php(270): CController->missingAction('record')
#1 /var/www/yii_framework/web/CWebApplication.php(282): CController->run('record')
#2 /var/www/yii_framework/web/CWebApplication.php(141): CWebApplication->runController('responder/recor...')
#3 /var/www/yii_framework/base/CApplication.php(180): CWebApplication->processRequest()
#4 /var/www/htdocs/index.php(13): CApplication->run()
#5 {main}
REQUEST_URI=/index.php?r=responder/record
---
2014/04/05 20:46:43 [error] [exception.CHttpException.404] exception 'CHttpException' with message 'The system is unable to find the requested action "record=4".' in /var/www/yii_framework/web/CController.php:483
Stack trace:
#0 /var/www/yii_framework/web/CController.php(270): CController->missingAction('record=4')
#1 /var/www/yii_framework/web/CWebApplication.php(282): CController->run('record=4')
#2 /var/www/yii_framework/web/CWebApplication.php(141): CWebApplication->runController('responder/recor...')
#3 /var/www/yii_framework/base/CApplication.php(180): CWebApplication->processRequest()
#4 /var/www/htdocs/index.php(13): CApplication->run()
#5 {main}
REQUEST_URI=/index.php?r=responder/record=4
---
2014/04/05 20:48:29 [error] [exception.CHttpException.404] exception 'CHttpException' with message 'The system is unable to find the requested action "record=4".' in /var/www/yii_framework/web/CController.php:483
Stack trace:
#0 /var/www/yii_framework/web/CController.php(270): CController->missingAction('record=4')
#1 /var/www/yii_framework/web/CWebApplication.php(282): CController->run('record=4')
#2 /var/www/yii_framework/web/CWebApplication.php(141): CWebApplication->runController('responder/recor...')
#3 /var/www/yii_framework/base/CApplication.php(180): CWebApplication->processRequest()
#4 /var/www/htdocs/index.php(13): CApplication->run()
#5 {main}
REQUEST_URI=/index.php?r=responder/record=4
---
2014/04/05 20:53:44 [error] [exception.CHttpException.404] exception 'CHttpException' with message 'The system is unable to find the requested action "record=4".' in /var/www/yii_framework/web/CController.php:483
Stack trace:
#0 /var/www/yii_framework/web/CController.php(270): CController->missingAction('record=4')
#1 /var/www/yii_framework/web/CWebApplication.php(282): CController->run('record=4')
#2 /var/www/yii_framework/web/CWebApplication.php(141): CWebApplication->runController('responder/recor...')
#3 /var/www/yii_framework/base/CApplication.php(180): CWebApplication->processRequest()
#4 /var/www/htdocs/index.php(13): CApplication->run()
#5 {main}
REQUEST_URI=/index.php/responder/record=4
---
2014/04/05 21:03:35 [error] [exception.CHttpException.400] exception 'CHttpException' with message 'Your request is invalid.' in /var/www/yii_framework/web/CController.php:336
Stack trace:
#0 /var/www/yii_framework/web/CController.php(309): CController->invalidActionParams(Object(CInlineAction))
#1 /var/www/yii_framework/web/CController.php(286): CController->runAction(Object(CInlineAction))
#2 /var/www/yii_framework/web/CController.php(265): CController->runActionWithFilters(Object(CInlineAction), Array)
#3 /var/www/yii_framework/web/CWebApplication.php(282): CController->run('record')
#4 /var/www/yii_framework/web/CWebApplication.php(141): CWebApplication->runController('responder/recor...')
#5 /var/www/yii_framework/base/CApplication.php(180): CWebApplication->processRequest()
#6 /var/www/htdocs/index.php(13): CApplication->run()
#7 {main}
REQUEST_URI=/index.php/responder/record/7
---
2014/04/05 21:03:54 [error] [exception.CHttpException.400] exception 'CHttpException' with message 'Your request is invalid.' in /var/www/yii_framework/web/CController.php:336
Stack trace:
#0 /var/www/yii_framework/web/CController.php(309): CController->invalidActionParams(Object(CInlineAction))
#1 /var/www/yii_framework/web/CController.php(286): CController->runAction(Object(CInlineAction))
#2 /var/www/yii_framework/web/CController.php(265): CController->runActionWithFilters(Object(CInlineAction), Array)
#3 /var/www/yii_framework/web/CWebApplication.php(282): CController->run('record')
#4 /var/www/yii_framework/web/CWebApplication.php(141): CWebApplication->runController('responder/recor...')
#5 /var/www/yii_framework/base/CApplication.php(180): CWebApplication->processRequest()
#6 /var/www/htdocs/index.php(13): CApplication->run()
#7 {main}
REQUEST_URI=/index.php/responder/record
---
2014/04/05 21:15:11 [error] [exception.CException] exception 'CException' with message 'ResponderController cannot find the requested view "edit".' in /var/www/yii_framework/web/CController.php:878
Stack trace:
#0 /var/www/yii_framework/web/CController.php(782): CController->renderPartial('edit', Array, true)
#1 /var/www/htdocs/protected/controllers/ResponderController.php(48): CController->render('edit', Array)
#2 [internal function]: ResponderController->actionRecord('6')
#3 /var/www/yii_framework/web/actions/CAction.php(108): ReflectionMethod->invokeArgs(Object(ResponderController), Array)
#4 /var/www/yii_framework/web/actions/CInlineAction.php(47): CAction->runWithParamsInternal(Object(ResponderController), Object(ReflectionMethod), Array)
#5 /var/www/yii_framework/web/CController.php(308): CInlineAction->runWithParams(Array)
#6 /var/www/yii_framework/web/CController.php(286): CController->runAction(Object(CInlineAction))
#7 /var/www/yii_framework/web/CController.php(265): CController->runActionWithFilters(Object(CInlineAction), Array)
#8 /var/www/yii_framework/web/CWebApplication.php(282): CController->run('record')
#9 /var/www/yii_framework/web/CWebApplication.php(141): CWebApplication->runController('responder/recor...')
#10 /var/www/yii_framework/base/CApplication.php(180): CWebApplication->processRequest()
#11 /var/www/htdocs/index.php(13): CApplication->run()
#12 {main}
REQUEST_URI=/index.php/responder/record?patientId=6
---
2014/04/06 11:54:31 [error] [exception.CHttpException.400] exception 'CHttpException' with message 'Your request is invalid.' in /var/www/yii_framework/web/CController.php:336
Stack trace:
#0 /var/www/yii_framework/web/CController.php(309): CController->invalidActionParams(Object(CInlineAction))
#1 /var/www/yii_framework/web/CController.php(286): CController->runAction(Object(CInlineAction))
#2 /var/www/yii_framework/web/CController.php(265): CController->runActionWithFilters(Object(CInlineAction), Array)
#3 /var/www/yii_framework/web/CWebApplication.php(282): CController->run('record')
#4 /var/www/yii_framework/web/CWebApplication.php(141): CWebApplication->runController('responder/recor...')
#5 /var/www/yii_framework/base/CApplication.php(180): CWebApplication->processRequest()
#6 /var/www/htdocs/index.php(13): CApplication->run()
#7 {main}
REQUEST_URI=/index.php/responder/record
---
2014/04/06 11:54:38 [error] [exception.CHttpException.400] exception 'CHttpException' with message 'Your request is invalid.' in /var/www/yii_framework/web/CController.php:336
Stack trace:
#0 /var/www/yii_framework/web/CController.php(309): CController->invalidActionParams(Object(CInlineAction))
#1 /var/www/yii_framework/web/CController.php(286): CController->runAction(Object(CInlineAction))
#2 /var/www/yii_framework/web/CController.php(265): CController->runActionWithFilters(Object(CInlineAction), Array)
#3 /var/www/yii_framework/web/CWebApplication.php(282): CController->run('record')
#4 /var/www/yii_framework/web/CWebApplication.php(141): CWebApplication->runController('responder/recor...')
#5 /var/www/yii_framework/base/CApplication.php(180): CWebApplication->processRequest()
#6 /var/www/htdocs/index.php(13): CApplication->run()
#7 {main}
REQUEST_URI=/index.php/responder/record/
---
2014/04/06 11:55:14 [error] [exception.CHttpException.400] exception 'CHttpException' with message 'Your request is invalid.' in /var/www/yii_framework/web/CController.php:336
Stack trace:
#0 /var/www/yii_framework/web/CController.php(309): CController->invalidActionParams(Object(CInlineAction))
#1 /var/www/yii_framework/web/CController.php(286): CController->runAction(Object(CInlineAction))
#2 /var/www/yii_framework/web/CController.php(265): CController->runActionWithFilters(Object(CInlineAction), Array)
#3 /var/www/yii_framework/web/CWebApplication.php(282): CController->run('record')
#4 /var/www/yii_framework/web/CWebApplication.php(141): CWebApplication->runController('responder/recor...')
#5 /var/www/yii_framework/base/CApplication.php(180): CWebApplication->processRequest()
#6 /var/www/htdocs/index.php(13): CApplication->run()
#7 {main}
REQUEST_URI=/index.php/responder/record/
---
2014/04/06 11:55:19 [error] [exception.CHttpException.400] exception 'CHttpException' with message 'Your request is invalid.' in /var/www/yii_framework/web/CController.php:336
Stack trace:
#0 /var/www/yii_framework/web/CController.php(309): CController->invalidActionParams(Object(CInlineAction))
#1 /var/www/yii_framework/web/CController.php(286): CController->runAction(Object(CInlineAction))
#2 /var/www/yii_framework/web/CController.php(265): CController->runActionWithFilters(Object(CInlineAction), Array)
#3 /var/www/yii_framework/web/CWebApplication.php(282): CController->run('record')
#4 /var/www/yii_framework/web/CWebApplication.php(141): CWebApplication->runController('responder/recor...')
#5 /var/www/yii_framework/base/CApplication.php(180): CWebApplication->processRequest()
#6 /var/www/htdocs/index.php(13): CApplication->run()
#7 {main}
REQUEST_URI=/index.php/responder/record
---
2014/04/06 11:55:26 [error] [exception.CHttpException.400] exception 'CHttpException' with message 'Your request is invalid.' in /var/www/yii_framework/web/CController.php:336
Stack trace:
#0 /var/www/yii_framework/web/CController.php(309): CController->invalidActionParams(Object(CInlineAction))
#1 /var/www/yii_framework/web/CController.php(286): CController->runAction(Object(CInlineAction))
#2 /var/www/yii_framework/web/CController.php(265): CController->runActionWithFilters(Object(CInlineAction), Array)
#3 /var/www/yii_framework/web/CWebApplication.php(282): CController->run('record')
#4 /var/www/yii_framework/web/CWebApplication.php(141): CWebApplication->runController('responder/recor...')
#5 /var/www/yii_framework/base/CApplication.php(180): CWebApplication->processRequest()
#6 /var/www/htdocs/index.php(13): CApplication->run()
#7 {main}
REQUEST_URI=/index.php/responder/record/patientId=7
---
2014/04/06 12:06:27 [error] [exception.CHttpException.404] exception 'CHttpException' with message 'The system is unable to find the requested action "add".' in /var/www/yii_framework/web/CController.php:483
Stack trace:
#0 /var/www/yii_framework/web/CController.php(270): CController->missingAction('add')
#1 /var/www/yii_framework/web/CWebApplication.php(282): CController->run('add')
#2 /var/www/yii_framework/web/CWebApplication.php(141): CWebApplication->runController('site/add')
#3 /var/www/yii_framework/base/CApplication.php(180): CWebApplication->processRequest()
#4 /var/www/htdocs/index.php(13): CApplication->run()
#5 {main}
REQUEST_URI=/index.php/site/add
---
2014/04/06 12:06:48 [error] [exception.CHttpException.404] exception 'CHttpException' with message 'The system is unable to find the requested action "add".' in /var/www/yii_framework/web/CController.php:483
Stack trace:
#0 /var/www/yii_framework/web/CController.php(270): CController->missingAction('add')
#1 /var/www/yii_framework/web/CWebApplication.php(282): CController->run('add')
#2 /var/www/yii_framework/web/CWebApplication.php(141): CWebApplication->runController('site/add')
#3 /var/www/yii_framework/base/CApplication.php(180): CWebApplication->processRequest()
#4 /var/www/htdocs/index.php(13): CApplication->run()
#5 {main}
REQUEST_URI=/index.php/site/add
---
2014/04/06 12:19:46 [error] [exception.CHttpException.400] exception 'CHttpException' with message 'Your request is invalid.' in /var/www/yii_framework/web/CController.php:336
Stack trace:
#0 /var/www/yii_framework/web/CController.php(309): CController->invalidActionParams(Object(CInlineAction))
#1 /var/www/yii_framework/web/CController.php(286): CController->runAction(Object(CInlineAction))
#2 /var/www/yii_framework/web/CController.php(265): CController->runActionWithFilters(Object(CInlineAction), Array)
#3 /var/www/yii_framework/web/CWebApplication.php(282): CController->run('add')
#4 /var/www/yii_framework/web/CWebApplication.php(141): CWebApplication->runController('responder/add')
#5 /var/www/yii_framework/base/CApplication.php(180): CWebApplication->processRequest()
#6 /var/www/htdocs/index.php(13): CApplication->run()
#7 {main}
REQUEST_URI=/index.php/responder/add
---
2014/04/06 12:19:51 [error] [exception.CHttpException.400] exception 'CHttpException' with message 'Your request is invalid.' in /var/www/yii_framework/web/CController.php:336
Stack trace:
#0 /var/www/yii_framework/web/CController.php(309): CController->invalidActionParams(Object(CInlineAction))
#1 /var/www/yii_framework/web/CController.php(286): CController->runAction(Object(CInlineAction))
#2 /var/www/yii_framework/web/CController.php(265): CController->runActionWithFilters(Object(CInlineAction), Array)
#3 /var/www/yii_framework/web/CWebApplication.php(282): CController->run('add')
#4 /var/www/yii_framework/web/CWebApplication.php(141): CWebApplication->runController('responder/add')
#5 /var/www/yii_framework/base/CApplication.php(180): CWebApplication->processRequest()
#6 /var/www/htdocs/index.php(13): CApplication->run()
#7 {main}
REQUEST_URI=/index.php/responder/add/
---
2014/04/06 12:19:58 [error] [exception.CHttpException.404] exception 'CHttpException' with message 'The system is unable to find the requested action "addd".' in /var/www/yii_framework/web/CController.php:483
Stack trace:
#0 /var/www/yii_framework/web/CController.php(270): CController->missingAction('addd')
#1 /var/www/yii_framework/web/CWebApplication.php(282): CController->run('addd')
#2 /var/www/yii_framework/web/CWebApplication.php(141): CWebApplication->runController('responder/addd')
#3 /var/www/yii_framework/base/CApplication.php(180): CWebApplication->processRequest()
#4 /var/www/htdocs/index.php(13): CApplication->run()
#5 {main}
REQUEST_URI=/index.php/responder/addd/
---
2014/04/06 12:20:03 [error] [exception.CHttpException.400] exception 'CHttpException' with message 'Your request is invalid.' in /var/www/yii_framework/web/CController.php:336
Stack trace:
#0 /var/www/yii_framework/web/CController.php(309): CController->invalidActionParams(Object(CInlineAction))
#1 /var/www/yii_framework/web/CController.php(286): CController->runAction(Object(CInlineAction))
#2 /var/www/yii_framework/web/CController.php(265): CController->runActionWithFilters(Object(CInlineAction), Array)
#3 /var/www/yii_framework/web/CWebApplication.php(282): CController->run('add')
#4 /var/www/yii_framework/web/CWebApplication.php(141): CWebApplication->runController('responder/add')
#5 /var/www/yii_framework/base/CApplication.php(180): CWebApplication->processRequest()
#6 /var/www/htdocs/index.php(13): CApplication->run()
#7 {main}
REQUEST_URI=/index.php/responder/add/
---
2014/04/06 12:20:46 [error] [exception.CHttpException.400] exception 'CHttpException' with message 'Your request is invalid.' in /var/www/yii_framework/web/CController.php:336
Stack trace:
#0 /var/www/yii_framework/web/CController.php(309): CController->invalidActionParams(Object(CInlineAction))
#1 /var/www/yii_framework/web/CController.php(286): CController->runAction(Object(CInlineAction))
#2 /var/www/yii_framework/web/CController.php(265): CController->runActionWithFilters(Object(CInlineAction), Array)
#3 /var/www/yii_framework/web/CWebApplication.php(282): CController->run('add')
#4 /var/www/yii_framework/web/CWebApplication.php(141): CWebApplication->runController('responder/add')
#5 /var/www/yii_framework/base/CApplication.php(180): CWebApplication->processRequest()
#6 /var/www/htdocs/index.php(13): CApplication->run()
#7 {main}
REQUEST_URI=/index.php/responder/add/
---
2014/04/06 12:21:35 [error] [exception.CHttpException.404] exception 'CHttpException' with message 'The system is unable to find the requested action "add".' in /var/www/yii_framework/web/CController.php:483
Stack trace:
#0 /var/www/yii_framework/web/CController.php(270): CController->missingAction('add')
#1 /var/www/yii_framework/web/CWebApplication.php(282): CController->run('add')
#2 /var/www/yii_framework/web/CWebApplication.php(141): CWebApplication->runController('site/add')
#3 /var/www/yii_framework/base/CApplication.php(180): CWebApplication->processRequest()
#4 /var/www/htdocs/index.php(13): CApplication->run()
#5 {main}
REQUEST_URI=/index.php/site/add?view=add
---
2014/04/06 12:21:38 [error] [exception.CHttpException.400] exception 'CHttpException' with message 'Your request is invalid.' in /var/www/yii_framework/web/CController.php:336
Stack trace:
#0 /var/www/yii_framework/web/CController.php(309): CController->invalidActionParams(Object(CInlineAction))
#1 /var/www/yii_framework/web/CController.php(286): CController->runAction(Object(CInlineAction))
#2 /var/www/yii_framework/web/CController.php(265): CController->runActionWithFilters(Object(CInlineAction), Array)
#3 /var/www/yii_framework/web/CWebApplication.php(282): CController->run('add')
#4 /var/www/yii_framework/web/CWebApplication.php(141): CWebApplication->runController('responder/add')
#5 /var/www/yii_framework/base/CApplication.php(180): CWebApplication->processRequest()
#6 /var/www/htdocs/index.php(13): CApplication->run()
#7 {main}
REQUEST_URI=/index.php/responder/add/
---
2014/04/06 12:21:39 [error] [exception.CHttpException.404] exception 'CHttpException' with message 'The system is unable to find the requested action "addd".' in /var/www/yii_framework/web/CController.php:483
Stack trace:
#0 /var/www/yii_framework/web/CController.php(270): CController->missingAction('addd')
#1 /var/www/yii_framework/web/CWebApplication.php(282): CController->run('addd')
#2 /var/www/yii_framework/web/CWebApplication.php(141): CWebApplication->runController('responder/addd')
#3 /var/www/yii_framework/base/CApplication.php(180): CWebApplication->processRequest()
#4 /var/www/htdocs/index.php(13): CApplication->run()
#5 {main}
REQUEST_URI=/index.php/responder/addd/
---
2014/04/06 12:21:40 [error] [exception.CHttpException.400] exception 'CHttpException' with message 'Your request is invalid.' in /var/www/yii_framework/web/CController.php:336
Stack trace:
#0 /var/www/yii_framework/web/CController.php(309): CController->invalidActionParams(Object(CInlineAction))
#1 /var/www/yii_framework/web/CController.php(286): CController->runAction(Object(CInlineAction))
#2 /var/www/yii_framework/web/CController.php(265): CController->runActionWithFilters(Object(CInlineAction), Array)
#3 /var/www/yii_framework/web/CWebApplication.php(282): CController->run('add')
#4 /var/www/yii_framework/web/CWebApplication.php(141): CWebApplication->runController('responder/add')
#5 /var/www/yii_framework/base/CApplication.php(180): CWebApplication->processRequest()
#6 /var/www/htdocs/index.php(13): CApplication->run()
#7 {main}
REQUEST_URI=/index.php/responder/add/
---
2014/04/06 12:21:40 [error] [exception.CHttpException.400] exception 'CHttpException' with message 'Your request is invalid.' in /var/www/yii_framework/web/CController.php:336
Stack trace:
#0 /var/www/yii_framework/web/CController.php(309): CController->invalidActionParams(Object(CInlineAction))
#1 /var/www/yii_framework/web/CController.php(286): CController->runAction(Object(CInlineAction))
#2 /var/www/yii_framework/web/CController.php(265): CController->runActionWithFilters(Object(CInlineAction), Array)
#3 /var/www/yii_framework/web/CWebApplication.php(282): CController->run('add')
#4 /var/www/yii_framework/web/CWebApplication.php(141): CWebApplication->runController('responder/add')
#5 /var/www/yii_framework/base/CApplication.php(180): CWebApplication->processRequest()
#6 /var/www/htdocs/index.php(13): CApplication->run()
#7 {main}
REQUEST_URI=/index.php/responder/add
---
2014/04/06 12:21:45 [error] [exception.CHttpException.404] exception 'CHttpException' with message 'The system is unable to find the requested action "add".' in /var/www/yii_framework/web/CController.php:483
Stack trace:
#0 /var/www/yii_framework/web/CController.php(270): CController->missingAction('add')
#1 /var/www/yii_framework/web/CWebApplication.php(282): CController->run('add')
#2 /var/www/yii_framework/web/CWebApplication.php(141): CWebApplication->runController('site/add')
#3 /var/www/yii_framework/base/CApplication.php(180): CWebApplication->processRequest()
#4 /var/www/htdocs/index.php(13): CApplication->run()
#5 {main}
REQUEST_URI=/index.php/site/add?view=add
---
2014/04/06 12:21:46 [error] [exception.CHttpException.404] exception 'CHttpException' with message 'The system is unable to find the requested action "add".' in /var/www/yii_framework/web/CController.php:483
Stack trace:
#0 /var/www/yii_framework/web/CController.php(270): CController->missingAction('add')
#1 /var/www/yii_framework/web/CWebApplication.php(282): CController->run('add')
#2 /var/www/yii_framework/web/CWebApplication.php(141): CWebApplication->runController('site/add')
#3 /var/www/yii_framework/base/CApplication.php(180): CWebApplication->processRequest()
#4 /var/www/htdocs/index.php(13): CApplication->run()
#5 {main}
REQUEST_URI=/index.php/site/add
---
2014/04/06 12:21:50 [error] [exception.CHttpException.404] exception 'CHttpException' with message 'The system is unable to find the requested action "add".' in /var/www/yii_framework/web/CController.php:483
Stack trace:
#0 /var/www/yii_framework/web/CController.php(270): CController->missingAction('add')
#1 /var/www/yii_framework/web/CWebApplication.php(282): CController->run('add')
#2 /var/www/yii_framework/web/CWebApplication.php(141): CWebApplication->runController('site/add')
#3 /var/www/yii_framework/base/CApplication.php(180): CWebApplication->processRequest()
#4 /var/www/htdocs/index.php(13): CApplication->run()
#5 {main}
REQUEST_URI=/index.php/site/add?view=add
---
2014/04/06 12:21:51 [error] [exception.CHttpException.400] exception 'CHttpException' with message 'Your request is invalid.' in /var/www/yii_framework/web/CController.php:336
Stack trace:
#0 /var/www/yii_framework/web/CController.php(309): CController->invalidActionParams(Object(CInlineAction))
#1 /var/www/yii_framework/web/CController.php(286): CController->runAction(Object(CInlineAction))
#2 /var/www/yii_framework/web/CController.php(265): CController->runActionWithFilters(Object(CInlineAction), Array)
#3 /var/www/yii_framework/web/CWebApplication.php(282): CController->run('record')
#4 /var/www/yii_framework/web/CWebApplication.php(141): CWebApplication->runController('responder/recor...')
#5 /var/www/yii_framework/base/CApplication.php(180): CWebApplication->processRequest()
#6 /var/www/htdocs/index.php(13): CApplication->run()
#7 {main}
REQUEST_URI=/index.php/responder/record
---
2014/04/06 12:21:54 [error] [exception.CHttpException.400] exception 'CHttpException' with message 'Your request is invalid.' in /var/www/yii_framework/web/CController.php:336
Stack trace:
#0 /var/www/yii_framework/web/CController.php(309): CController->invalidActionParams(Object(CInlineAction))
#1 /var/www/yii_framework/web/CController.php(286): CController->runAction(Object(CInlineAction))
#2 /var/www/yii_framework/web/CController.php(265): CController->runActionWithFilters(Object(CInlineAction), Array)
#3 /var/www/yii_framework/web/CWebApplication.php(282): CController->run('add')
#4 /var/www/yii_framework/web/CWebApplication.php(141): CWebApplication->runController('responder/add')
#5 /var/www/yii_framework/base/CApplication.php(180): CWebApplication->processRequest()
#6 /var/www/htdocs/index.php(13): CApplication->run()
#7 {main}
REQUEST_URI=/index.php/responder/add?view=add
---
2014/04/06 12:21:59 [error] [exception.CHttpException.400] exception 'CHttpException' with message 'Your request is invalid.' in /var/www/yii_framework/web/CController.php:336
Stack trace:
#0 /var/www/yii_framework/web/CController.php(309): CController->invalidActionParams(Object(CInlineAction))
#1 /var/www/yii_framework/web/CController.php(286): CController->runAction(Object(CInlineAction))
#2 /var/www/yii_framework/web/CController.php(265): CController->runActionWithFilters(Object(CInlineAction), Array)
#3 /var/www/yii_framework/web/CWebApplication.php(282): CController->run('add')
#4 /var/www/yii_framework/web/CWebApplication.php(141): CWebApplication->runController('responder/add')
#5 /var/www/yii_framework/base/CApplication.php(180): CWebApplication->processRequest()
#6 /var/www/htdocs/index.php(13): CApplication->run()
#7 {main}
REQUEST_URI=/index.php/responder/add?view=add
---
2014/04/06 12:22:01 [error] [exception.CHttpException.400] exception 'CHttpException' with message 'Your request is invalid.' in /var/www/yii_framework/web/CController.php:336
Stack trace:
#0 /var/www/yii_framework/web/CController.php(309): CController->invalidActionParams(Object(CInlineAction))
#1 /var/www/yii_framework/web/CController.php(286): CController->runAction(Object(CInlineAction))
#2 /var/www/yii_framework/web/CController.php(265): CController->runActionWithFilters(Object(CInlineAction), Array)
#3 /var/www/yii_framework/web/CWebApplication.php(282): CController->run('add')
#4 /var/www/yii_framework/web/CWebApplication.php(141): CWebApplication->runController('responder/add')
#5 /var/www/yii_framework/base/CApplication.php(180): CWebApplication->processRequest()
#6 /var/www/htdocs/index.php(13): CApplication->run()
#7 {main}
REQUEST_URI=/index.php/responder/add
---
2014/04/06 12:22:08 [error] [exception.CHttpException.400] exception 'CHttpException' with message 'Your request is invalid.' in /var/www/yii_framework/web/CController.php:336
Stack trace:
#0 /var/www/yii_framework/web/CController.php(309): CController->invalidActionParams(Object(CInlineAction))
#1 /var/www/yii_framework/web/CController.php(286): CController->runAction(Object(CInlineAction))
#2 /var/www/yii_framework/web/CController.php(265): CController->runActionWithFilters(Object(CInlineAction), Array)
#3 /var/www/yii_framework/web/CWebApplication.php(282): CController->run('record')
#4 /var/www/yii_framework/web/CWebApplication.php(141): CWebApplication->runController('responder/recor...')
#5 /var/www/yii_framework/base/CApplication.php(180): CWebApplication->processRequest()
#6 /var/www/htdocs/index.php(13): CApplication->run()
#7 {main}
REQUEST_URI=/index.php/responder/record
---
2014/04/06 12:22:46 [error] [exception.CHttpException.400] exception 'CHttpException' with message 'Your request is invalid.' in /var/www/yii_framework/web/CController.php:336
Stack trace:
#0 /var/www/yii_framework/web/CController.php(309): CController->invalidActionParams(Object(CInlineAction))
#1 /var/www/yii_framework/web/CController.php(286): CController->runAction(Object(CInlineAction))
#2 /var/www/yii_framework/web/CController.php(265): CController->runActionWithFilters(Object(CInlineAction), Array)
#3 /var/www/yii_framework/web/CWebApplication.php(282): CController->run('record')
#4 /var/www/yii_framework/web/CWebApplication.php(141): CWebApplication->runController('responder/recor...')
#5 /var/www/yii_framework/base/CApplication.php(180): CWebApplication->processRequest()
#6 /var/www/htdocs/index.php(13): CApplication->run()
#7 {main}
REQUEST_URI=/index.php/responder/record?addingNewUser=FALSE
---
2014/04/06 12:22:46 [error] [exception.CHttpException.400] exception 'CHttpException' with message 'Your request is invalid.' in /var/www/yii_framework/web/CController.php:336
Stack trace:
#0 /var/www/yii_framework/web/CController.php(309): CController->invalidActionParams(Object(CInlineAction))
#1 /var/www/yii_framework/web/CController.php(286): CController->runAction(Object(CInlineAction))
#2 /var/www/yii_framework/web/CController.php(265): CController->runActionWithFilters(Object(CInlineAction), Array)
#3 /var/www/yii_framework/web/CWebApplication.php(282): CController->run('add')
#4 /var/www/yii_framework/web/CWebApplication.php(141): CWebApplication->runController('responder/add')
#5 /var/www/yii_framework/base/CApplication.php(180): CWebApplication->processRequest()
#6 /var/www/htdocs/index.php(13): CApplication->run()
#7 {main}
REQUEST_URI=/index.php/responder/add
---
2014/04/06 12:22:47 [error] [exception.CHttpException.400] exception 'CHttpException' with message 'Your request is invalid.' in /var/www/yii_framework/web/CController.php:336
Stack trace:
#0 /var/www/yii_framework/web/CController.php(309): CController->invalidActionParams(Object(CInlineAction))
#1 /var/www/yii_framework/web/CController.php(286): CController->runAction(Object(CInlineAction))
#2 /var/www/yii_framework/web/CController.php(265): CController->runActionWithFilters(Object(CInlineAction), Array)
#3 /var/www/yii_framework/web/CWebApplication.php(282): CController->run('record')
#4 /var/www/yii_framework/web/CWebApplication.php(141): CWebApplication->runController('responder/recor...')
#5 /var/www/yii_framework/base/CApplication.php(180): CWebApplication->processRequest()
#6 /var/www/htdocs/index.php(13): CApplication->run()
#7 {main}
REQUEST_URI=/index.php/responder/record
---
2014/04/06 12:23:01 [error] [exception.CHttpException.400] exception 'CHttpException' with message 'Your request is invalid.' in /var/www/yii_framework/web/CController.php:336
Stack trace:
#0 /var/www/yii_framework/web/CController.php(309): CController->invalidActionParams(Object(CInlineAction))
#1 /var/www/yii_framework/web/CController.php(286): CController->runAction(Object(CInlineAction))
#2 /var/www/yii_framework/web/CController.php(265): CController->runActionWithFilters(Object(CInlineAction), Array)
#3 /var/www/yii_framework/web/CWebApplication.php(282): CController->run('record')
#4 /var/www/yii_framework/web/CWebApplication.php(141): CWebApplication->runController('responder/recor...')
#5 /var/www/yii_framework/base/CApplication.php(180): CWebApplication->processRequest()
#6 /var/www/htdocs/index.php(13): CApplication->run()
#7 {main}
REQUEST_URI=/index.php/responder/record
---
2014/04/06 12:23:35 [error] [exception.CHttpException.400] exception 'CHttpException' with message 'Your request is invalid.' in /var/www/yii_framework/web/CController.php:336
Stack trace:
#0 /var/www/yii_framework/web/CController.php(309): CController->invalidActionParams(Object(CInlineAction))
#1 /var/www/yii_framework/web/CController.php(286): CController->runAction(Object(CInlineAction))
#2 /var/www/yii_framework/web/CController.php(265): CController->runActionWithFilters(Object(CInlineAction), Array)
#3 /var/www/yii_framework/web/CWebApplication.php(282): CController->run('record')
#4 /var/www/yii_framework/web/CWebApplication.php(141): CWebApplication->runController('responder/recor...')
#5 /var/www/yii_framework/base/CApplication.php(180): CWebApplication->processRequest()
#6 /var/www/htdocs/index.php(13): CApplication->run()
#7 {main}
REQUEST_URI=/index.php/responder/record?addingNewUser=FALSE
---
2014/04/06 12:23:37 [error] [exception.CHttpException.400] exception 'CHttpException' with message 'Your request is invalid.' in /var/www/yii_framework/web/CController.php:336
Stack trace:
#0 /var/www/yii_framework/web/CController.php(309): CController->invalidActionParams(Object(CInlineAction))
#1 /var/www/yii_framework/web/CController.php(286): CController->runAction(Object(CInlineAction))
#2 /var/www/yii_framework/web/CController.php(265): CController->runActionWithFilters(Object(CInlineAction), Array)
#3 /var/www/yii_framework/web/CWebApplication.php(282): CController->run('record')
#4 /var/www/yii_framework/web/CWebApplication.php(141): CWebApplication->runController('responder/recor...')
#5 /var/www/yii_framework/base/CApplication.php(180): CWebApplication->processRequest()
#6 /var/www/htdocs/index.php(13): CApplication->run()
#7 {main}
REQUEST_URI=/index.php/responder/record?addingNewUser=FALSE
---
2014/04/06 12:23:39 [error] [exception.CHttpException.400] exception 'CHttpException' with message 'Your request is invalid.' in /var/www/yii_framework/web/CController.php:336
Stack trace:
#0 /var/www/yii_framework/web/CController.php(309): CController->invalidActionParams(Object(CInlineAction))
#1 /var/www/yii_framework/web/CController.php(286): CController->runAction(Object(CInlineAction))
#2 /var/www/yii_framework/web/CController.php(265): CController->runActionWithFilters(Object(CInlineAction), Array)
#3 /var/www/yii_framework/web/CWebApplication.php(282): CController->run('record')
#4 /var/www/yii_framework/web/CWebApplication.php(141): CWebApplication->runController('responder/recor...')
#5 /var/www/yii_framework/base/CApplication.php(180): CWebApplication->processRequest()
#6 /var/www/htdocs/index.php(13): CApplication->run()
#7 {main}
REQUEST_URI=/index.php/responder/record?addingNewUser=FALSE
---
2014/04/06 12:24:24 [error] [exception.CHttpException.400] exception 'CHttpException' with message 'Your request is invalid.' in /var/www/yii_framework/web/CController.php:336
Stack trace:
#0 /var/www/yii_framework/web/CController.php(309): CController->invalidActionParams(Object(CInlineAction))
#1 /var/www/yii_framework/web/CController.php(286): CController->runAction(Object(CInlineAction))
#2 /var/www/yii_framework/web/CController.php(265): CController->runActionWithFilters(Object(CInlineAction), Array)
#3 /var/www/yii_framework/web/CWebApplication.php(282): CController->run('add')
#4 /var/www/yii_framework/web/CWebApplication.php(141): CWebApplication->runController('responder/add')
#5 /var/www/yii_framework/base/CApplication.php(180): CWebApplication->processRequest()
#6 /var/www/htdocs/index.php(13): CApplication->run()
#7 {main}
REQUEST_URI=/index.php/responder/add
---
2014/04/06 12:24:35 [error] [exception.CHttpException.400] exception 'CHttpException' with message 'Your request is invalid.' in /var/www/yii_framework/web/CController.php:336
Stack trace:
#0 /var/www/yii_framework/web/CController.php(309): CController->invalidActionParams(Object(CInlineAction))
#1 /var/www/yii_framework/web/CController.php(286): CController->runAction(Object(CInlineAction))
#2 /var/www/yii_framework/web/CController.php(265): CController->runActionWithFilters(Object(CInlineAction), Array)
#3 /var/www/yii_framework/web/CWebApplication.php(282): CController->run('record')
#4 /var/www/yii_framework/web/CWebApplication.php(141): CWebApplication->runController('responder/recor...')
#5 /var/www/yii_framework/base/CApplication.php(180): CWebApplication->processRequest()
#6 /var/www/htdocs/index.php(13): CApplication->run()
#7 {main}
REQUEST_URI=/index.php/responder/record?addingNewUser=FALSE
---
2014/04/06 12:24:39 [error] [exception.CHttpException.400] exception 'CHttpException' with message 'Your request is invalid.' in /var/www/yii_framework/web/CController.php:336
Stack trace:
#0 /var/www/yii_framework/web/CController.php(309): CController->invalidActionParams(Object(CInlineAction))
#1 /var/www/yii_framework/web/CController.php(286): CController->runAction(Object(CInlineAction))
#2 /var/www/yii_framework/web/CController.php(265): CController->runActionWithFilters(Object(CInlineAction), Array)
#3 /var/www/yii_framework/web/CWebApplication.php(282): CController->run('record')
#4 /var/www/yii_framework/web/CWebApplication.php(141): CWebApplication->runController('responder/recor...')
#5 /var/www/yii_framework/base/CApplication.php(180): CWebApplication->processRequest()
#6 /var/www/htdocs/index.php(13): CApplication->run()
#7 {main}
REQUEST_URI=/index.php/responder/record?addingNewUser=FALSE
---
2014/04/06 12:25:01 [error] [exception.CHttpException.400] exception 'CHttpException' with message 'Your request is invalid.' in /var/www/yii_framework/web/CController.php:336
Stack trace:
#0 /var/www/yii_framework/web/CController.php(309): CController->invalidActionParams(Object(CInlineAction))
#1 /var/www/yii_framework/web/CController.php(286): CController->runAction(Object(CInlineAction))
#2 /var/www/yii_framework/web/CController.php(265): CController->runActionWithFilters(Object(CInlineAction), Array)
#3 /var/www/yii_framework/web/CWebApplication.php(282): CController->run('record')
#4 /var/www/yii_framework/web/CWebApplication.php(141): CWebApplication->runController('responder/recor...')
#5 /var/www/yii_framework/base/CApplication.php(180): CWebApplication->processRequest()
#6 /var/www/htdocs/index.php(13): CApplication->run()
#7 {main}
REQUEST_URI=/index.php/responder/record?addingNewUser=FALSE
---
2014/04/06 12:25:02 [error] [exception.CHttpException.400] exception 'CHttpException' with message 'Your request is invalid.' in /var/www/yii_framework/web/CController.php:336
Stack trace:
#0 /var/www/yii_framework/web/CController.php(309): CController->invalidActionParams(Object(CInlineAction))
#1 /var/www/yii_framework/web/CController.php(286): CController->runAction(Object(CInlineAction))
#2 /var/www/yii_framework/web/CController.php(265): CController->runActionWithFilters(Object(CInlineAction), Array)
#3 /var/www/yii_framework/web/CWebApplication.php(282): CController->run('record')
#4 /var/www/yii_framework/web/CWebApplication.php(141): CWebApplication->runController('responder/recor...')
#5 /var/www/yii_framework/base/CApplication.php(180): CWebApplication->processRequest()
#6 /var/www/htdocs/index.php(13): CApplication->run()
#7 {main}
REQUEST_URI=/index.php/responder/record?addingNewUser=FALSE
---
2014/04/06 12:26:40 [error] [exception.CHttpException.400] exception 'CHttpException' with message 'Your request is invalid.' in /var/www/yii_framework/web/CController.php:336
Stack trace:
#0 /var/www/yii_framework/web/CController.php(309): CController->invalidActionParams(Object(CInlineAction))
#1 /var/www/yii_framework/web/CController.php(286): CController->runAction(Object(CInlineAction))
#2 /var/www/yii_framework/web/CController.php(265): CController->runActionWithFilters(Object(CInlineAction), Array)
#3 /var/www/yii_framework/web/CWebApplication.php(282): CController->run('record')
#4 /var/www/yii_framework/web/CWebApplication.php(141): CWebApplication->runController('responder/recor...')
#5 /var/www/yii_framework/base/CApplication.php(180): CWebApplication->processRequest()
#6 /var/www/htdocs/index.php(13): CApplication->run()
#7 {main}
REQUEST_URI=/index.php/responder/record?addingNewUser=FALSE
---
2014/04/06 12:26:42 [error] [exception.CHttpException.400] exception 'CHttpException' with message 'Your request is invalid.' in /var/www/yii_framework/web/CController.php:336
Stack trace:
#0 /var/www/yii_framework/web/CController.php(309): CController->invalidActionParams(Object(CInlineAction))
#1 /var/www/yii_framework/web/CController.php(286): CController->runAction(Object(CInlineAction))
#2 /var/www/yii_framework/web/CController.php(265): CController->runActionWithFilters(Object(CInlineAction), Array)
#3 /var/www/yii_framework/web/CWebApplication.php(282): CController->run('record')
#4 /var/www/yii_framework/web/CWebApplication.php(141): CWebApplication->runController('responder/recor...')
#5 /var/www/yii_framework/base/CApplication.php(180): CWebApplication->processRequest()
#6 /var/www/htdocs/index.php(13): CApplication->run()
#7 {main}
REQUEST_URI=/index.php/responder/record?addingNewUser=FALSE
---
2014/04/06 12:26:53 [error] [exception.CHttpException.400] exception 'CHttpException' with message 'Your request is invalid.' in /var/www/yii_framework/web/CController.php:336
Stack trace:
#0 /var/www/yii_framework/web/CController.php(309): CController->invalidActionParams(Object(CInlineAction))
#1 /var/www/yii_framework/web/CController.php(286): CController->runAction(Object(CInlineAction))
#2 /var/www/yii_framework/web/CController.php(265): CController->runActionWithFilters(Object(CInlineAction), Array)
#3 /var/www/yii_framework/web/CWebApplication.php(282): CController->run('record')
#4 /var/www/yii_framework/web/CWebApplication.php(141): CWebApplication->runController('responder/recor...')
#5 /var/www/yii_framework/base/CApplication.php(180): CWebApplication->processRequest()
#6 /var/www/htdocs/index.php(13): CApplication->run()
#7 {main}
REQUEST_URI=/index.php/responder/record
---
2014/04/06 12:27:04 [error] [exception.CHttpException.400] exception 'CHttpException' with message 'Your request is invalid.' in /var/www/yii_framework/web/CController.php:336
Stack trace:
#0 /var/www/yii_framework/web/CController.php(309): CController->invalidActionParams(Object(CInlineAction))
#1 /var/www/yii_framework/web/CController.php(286): CController->runAction(Object(CInlineAction))
#2 /var/www/yii_framework/web/CController.php(265): CController->runActionWithFilters(Object(CInlineAction), Array)
#3 /var/www/yii_framework/web/CWebApplication.php(282): CController->run('record')
#4 /var/www/yii_framework/web/CWebApplication.php(141): CWebApplication->runController('responder/recor...')
#5 /var/www/yii_framework/base/CApplication.php(180): CWebApplication->processRequest()
#6 /var/www/htdocs/index.php(13): CApplication->run()
#7 {main}
REQUEST_URI=/index.php/responder/record
---
2014/04/06 12:27:09 [error] [exception.CHttpException.400] exception 'CHttpException' with message 'Your request is invalid.' in /var/www/yii_framework/web/CController.php:336
Stack trace:
#0 /var/www/yii_framework/web/CController.php(309): CController->invalidActionParams(Object(CInlineAction))
#1 /var/www/yii_framework/web/CController.php(286): CController->runAction(Object(CInlineAction))
#2 /var/www/yii_framework/web/CController.php(265): CController->runActionWithFilters(Object(CInlineAction), Array)
#3 /var/www/yii_framework/web/CWebApplication.php(282): CController->run('record')
#4 /var/www/yii_framework/web/CWebApplication.php(141): CWebApplication->runController('responder/recor...')
#5 /var/www/yii_framework/base/CApplication.php(180): CWebApplication->processRequest()
#6 /var/www/htdocs/index.php(13): CApplication->run()
#7 {main}
REQUEST_URI=/index.php/responder/record/
---
2014/04/06 12:27:23 [error] [exception.CHttpException.400] exception 'CHttpException' with message 'Your request is invalid.' in /var/www/yii_framework/web/CController.php:336
Stack trace:
#0 /var/www/yii_framework/web/CController.php(309): CController->invalidActionParams(Object(CInlineAction))
#1 /var/www/yii_framework/web/CController.php(286): CController->runAction(Object(CInlineAction))
#2 /var/www/yii_framework/web/CController.php(265): CController->runActionWithFilters(Object(CInlineAction), Array)
#3 /var/www/yii_framework/web/CWebApplication.php(282): CController->run('record')
#4 /var/www/yii_framework/web/CWebApplication.php(141): CWebApplication->runController('responder/recor...')
#5 /var/www/yii_framework/base/CApplication.php(180): CWebApplication->processRequest()
#6 /var/www/htdocs/index.php(13): CApplication->run()
#7 {main}
REQUEST_URI=/index.php/responder/record/patientId=5
---
2014/04/06 12:27:57 [error] [exception.CHttpException.400] exception 'CHttpException' with message 'Your request is invalid.' in /var/www/yii_framework/web/CController.php:336
Stack trace:
#0 /var/www/yii_framework/web/CController.php(309): CController->invalidActionParams(Object(CInlineAction))
#1 /var/www/yii_framework/web/CController.php(286): CController->runAction(Object(CInlineAction))
#2 /var/www/yii_framework/web/CController.php(265): CController->runActionWithFilters(Object(CInlineAction), Array)
#3 /var/www/yii_framework/web/CWebApplication.php(282): CController->run('record')
#4 /var/www/yii_framework/web/CWebApplication.php(141): CWebApplication->runController('responder/recor...')
#5 /var/www/yii_framework/base/CApplication.php(180): CWebApplication->processRequest()
#6 /var/www/htdocs/index.php(13): CApplication->run()
#7 {main}
REQUEST_URI=/index.php/responder/record
---
2014/04/06 12:27:59 [error] [exception.CHttpException.404] exception 'CHttpException' with message 'The system is unable to find the requested action "record&patientId=".' in /var/www/yii_framework/web/CController.php:483
Stack trace:
#0 /var/www/yii_framework/web/CController.php(270): CController->missingAction('record&patientI...')
#1 /var/www/yii_framework/web/CWebApplication.php(282): CController->run('record&patientI...')
#2 /var/www/yii_framework/web/CWebApplication.php(141): CWebApplication->runController('responder/recor...')
#3 /var/www/yii_framework/base/CApplication.php(180): CWebApplication->processRequest()
#4 /var/www/htdocs/index.php(13): CApplication->run()
#5 {main}
REQUEST_URI=/index.php/responder/record&patientId=
---
2014/04/06 12:28:04 [error] [exception.CHttpException.400] exception 'CHttpException' with message 'Your request is invalid.' in /var/www/yii_framework/web/CController.php:336
Stack trace:
#0 /var/www/yii_framework/web/CController.php(309): CController->invalidActionParams(Object(CInlineAction))
#1 /var/www/yii_framework/web/CController.php(286): CController->runAction(Object(CInlineAction))
#2 /var/www/yii_framework/web/CController.php(265): CController->runActionWithFilters(Object(CInlineAction), Array)
#3 /var/www/yii_framework/web/CWebApplication.php(282): CController->run('record')
#4 /var/www/yii_framework/web/CWebApplication.php(141): CWebApplication->runController('responder/recor...')
#5 /var/www/yii_framework/base/CApplication.php(180): CWebApplication->processRequest()
#6 /var/www/htdocs/index.php(13): CApplication->run()
#7 {main}
REQUEST_URI=/index.php/responder/record
---
2014/04/06 12:30:00 [error] [exception.CHttpException.400] exception 'CHttpException' with message 'Your request is invalid.' in /var/www/yii_framework/web/CController.php:336
Stack trace:
#0 /var/www/yii_framework/web/CController.php(309): CController->invalidActionParams(Object(CInlineAction))
#1 /var/www/yii_framework/web/CController.php(286): CController->runAction(Object(CInlineAction))
#2 /var/www/yii_framework/web/CController.php(265): CController->runActionWithFilters(Object(CInlineAction), Array)
#3 /var/www/yii_framework/web/CWebApplication.php(282): CController->run('add')
#4 /var/www/yii_framework/web/CWebApplication.php(141): CWebApplication->runController('responder/add')
#5 /var/www/yii_framework/base/CApplication.php(180): CWebApplication->processRequest()
#6 /var/www/htdocs/index.php(13): CApplication->run()
#7 {main}
REQUEST_URI=/index.php/responder/add?$addingNewUser=FALSE
---
2014/04/06 15:59:15 [error] [exception.CDbException] exception 'CDbException' with message 'CDbConnection failed to open the DB connection: SQLSTATE[42000] [1049] Unknown database 'snap'' in /var/www/yii_framework/db/CDbConnection.php:382
Stack trace:
#0 /var/www/yii_framework/db/CDbConnection.php(330): CDbConnection->open()
#1 /var/www/yii_framework/db/CDbConnection.php(308): CDbConnection->setActive(true)
#2 /var/www/yii_framework/base/CModule.php(387): CDbConnection->init()
#3 /var/www/yii_framework/base/CModule.php(103): CModule->getComponent('db')
#4 /var/www/htdocs/protected/models/Patient.php(16): CModule->__get('db')
#5 /var/www/htdocs/protected/controllers/ResponderController.php(53): Patient->add(Array)
#6 /var/www/yii_framework/web/actions/CInlineAction.php(49): ResponderController->actionAdd()
#7 /var/www/yii_framework/web/CController.php(308): CInlineAction->runWithParams(Array)
#8 /var/www/yii_framework/web/CController.php(286): CController->runAction(Object(CInlineAction))
#9 /var/www/yii_framework/web/CController.php(265): CController->runActionWithFilters(Object(CInlineAction), Array)
#10 /var/www/yii_framework/web/CWebApplication.php(282): CController->run('add')
#11 /var/www/yii_framework/web/CWebApplication.php(141): CWebApplication->runController('responder/add')
#12 /var/www/yii_framework/base/CApplication.php(180): CWebApplication->processRequest()
#13 /var/www/htdocs/index.php(13): CApplication->run()
#14 {main}
REQUEST_URI=/index.php/responder/add
HTTP_REFERER=http://snap.colorado.edu/index.php/responder/add
---
